0 verbose cli /usr/local/bin/node /usr/local/bin/npm
1 info using npm@10.8.2
2 info using node@v20.18.1
3 silly config load:file:/usr/local/lib/node_modules/npm/npmrc
4 silly config load:file:/Users/maochengcheng/Documents/code/divination/.npmrc
5 silly config load:file:/Users/maochengcheng/.npmrc
6 silly config load:file:/Users/maochengcheng/.npm-global/etc/npmrc
7 verbose title npm install @upstash/ratelimit @upstash/redis
8 verbose argv "install" "@upstash/ratelimit" "@upstash/redis" "--registry" "https://registry.npmjs.org" "--cache" "/Users/maochengcheng/Documents/code/divination/.npm-cache"
9 verbose logfile logs-max:10 dir:/Users/maochengcheng/Documents/code/divination/.npm-cache/_logs/2026-06-02T03_09_30_069Z-
10 verbose logfile /Users/maochengcheng/Documents/code/divination/.npm-cache/_logs/2026-06-02T03_09_30_069Z-debug-0.log
11 silly packumentCache heap:4345298944 maxSize:1086324736 maxEntrySize:543162368
12 silly logfile done cleaning log files
13 silly idealTree buildDeps
14 silly fetch manifest @upstash/ratelimit@*
15 silly packumentCache full:https://registry.npmjs.org/@upstash%2fratelimit cache-miss
16 verbose shrinkwrap failed to load node_modules/.package-lock.json out of date, updated: node_modules
17 http fetch GET 200 https://registry.npmjs.org/@upstash%2fratelimit 1387ms (cache miss)
18 silly packumentCache full:https://registry.npmjs.org/@upstash%2fratelimit set size:undefined disposed:false
19 silly fetch manifest @upstash/redis@*
20 silly packumentCache full:https://registry.npmjs.org/@upstash%2fredis cache-miss
21 http fetch GET 200 https://registry.npmjs.org/npm 1482ms
22 http fetch GET 200 https://registry.npmjs.org/@upstash%2fredis 749ms (cache miss)
23 silly packumentCache full:https://registry.npmjs.org/@upstash%2fredis set size:undefined disposed:false
24 silly placeDep ROOT @upstash/ratelimit@2.0.8 OK for:  want: *
25 silly placeDep ROOT @upstash/redis@1.38.0 OK for: @upstash/ratelimit@2.0.8 want: ^1.34.3
26 silly placeDep ROOT @upstash/redis@1.38.0 REPLACE for:  want: *
27 silly fetch manifest @upstash/core-analytics@^0.0.10
28 silly packumentCache full:https://registry.npmjs.org/@upstash%2fcore-analytics cache-miss
29 silly fetch manifest uncrypto@^0.1.3
30 silly packumentCache full:https://registry.npmjs.org/uncrypto cache-miss
31 silly fetch manifest uncrypto@^0.1.3
32 silly packumentCache full:https://registry.npmjs.org/uncrypto cache-miss
33 http fetch GET 200 https://registry.npmjs.org/uncrypto 255ms (cache miss)
34 silly packumentCache full:https://registry.npmjs.org/uncrypto set size:undefined disposed:false
35 http fetch GET 200 https://registry.npmjs.org/@upstash%2fcore-analytics 330ms (cache miss)
36 silly packumentCache full:https://registry.npmjs.org/@upstash%2fcore-analytics set size:undefined disposed:false
37 http fetch GET 200 https://registry.npmjs.org/uncrypto 1089ms (cache miss)
38 silly packumentCache full:https://registry.npmjs.org/uncrypto set size:undefined disposed:false
39 silly placeDep ROOT @upstash/core-analytics@0.0.10 OK for: @upstash/ratelimit@2.0.8 want: ^0.0.10
40 silly placeDep ROOT uncrypto@0.1.3 OK for: @upstash/redis@1.38.0 want: ^0.1.3
41 warn EBADENGINE Unsupported engine {
41 warn EBADENGINE   package: 'eslint-visitor-keys@5.0.1',
41 warn EBADENGINE   required: { node: '^20.19.0 || ^22.13.0 || >=24' },
41 warn EBADENGINE   current: { node: 'v20.18.1', npm: '10.8.2' }
41 warn EBADENGINE }
42 silly reify moves {}
43 silly audit bulk request {
43 silly audit   '@alloc/quick-lru': [ '5.2.0' ],
43 silly audit   '@babel/helper-string-parser': [ '7.29.7' ],
43 silly audit   '@babel/helper-validator-identifier': [ '7.29.7' ],
43 silly audit   '@babel/parser': [ '7.29.7' ],
43 silly audit   '@babel/types': [ '7.29.7' ],
43 silly audit   '@esbuild/aix-ppc64': [ '0.21.5' ],
43 silly audit   '@esbuild/android-arm': [ '0.21.5' ],
43 silly audit   '@esbuild/android-arm64': [ '0.21.5' ],
43 silly audit   '@esbuild/android-x64': [ '0.21.5' ],
43 silly audit   '@esbuild/darwin-arm64': [ '0.21.5' ],
43 silly audit   '@esbuild/darwin-x64': [ '0.21.5' ],
43 silly audit   '@esbuild/freebsd-arm64': [ '0.21.5' ],
43 silly audit   '@esbuild/freebsd-x64': [ '0.21.5' ],
43 silly audit   '@esbuild/linux-arm': [ '0.21.5' ],
43 silly audit   '@esbuild/linux-arm64': [ '0.21.5' ],
43 silly audit   '@esbuild/linux-ia32': [ '0.21.5' ],
43 silly audit   '@esbuild/linux-loong64': [ '0.21.5' ],
43 silly audit   '@esbuild/linux-mips64el': [ '0.21.5' ],
43 silly audit   '@esbuild/linux-ppc64': [ '0.21.5' ],
43 silly audit   '@esbuild/linux-riscv64': [ '0.21.5' ],
43 silly audit   '@esbuild/linux-s390x': [ '0.21.5' ],
43 silly audit   '@esbuild/linux-x64': [ '0.21.5' ],
43 silly audit   '@esbuild/netbsd-x64': [ '0.21.5' ],
43 silly audit   '@esbuild/openbsd-x64': [ '0.21.5' ],
43 silly audit   '@esbuild/sunos-x64': [ '0.21.5' ],
43 silly audit   '@esbuild/win32-arm64': [ '0.21.5' ],
43 silly audit   '@esbuild/win32-ia32': [ '0.21.5' ],
43 silly audit   '@esbuild/win32-x64': [ '0.21.5' ],
43 silly audit   '@eslint-community/eslint-utils': [ '4.9.1' ],
43 silly audit   '@eslint-community/regexpp': [ '4.12.2' ],
43 silly audit   '@eslint/config-array': [ '0.19.2' ],
43 silly audit   'balanced-match': [ '1.0.2', '4.0.4' ],
43 silly audit   'brace-expansion': [ '1.1.15', '2.1.1', '5.0.6' ],
43 silly audit   minimatch: [ '3.1.5', '9.0.9', '10.2.5' ],
43 silly audit   '@eslint/core': [ '0.9.1', '0.13.0' ],
43 silly audit   '@eslint/eslintrc': [ '3.3.5' ],
43 silly audit   ignore: [ '5.3.2', '7.0.5' ],
43 silly audit   '@eslint/js': [ '9.17.0' ],
43 silly audit   '@eslint/object-schema': [ '2.1.7' ],
43 silly audit   '@eslint/plugin-kit': [ '0.2.8' ],
43 silly audit   '@humanfs/core': [ '0.19.2' ],
43 silly audit   '@humanfs/node': [ '0.16.8' ],
43 silly audit   '@humanfs/types': [ '0.15.0' ],
43 silly audit   '@humanwhocodes/module-importer': [ '1.0.1' ],
43 silly audit   '@humanwhocodes/retry': [ '0.4.3' ],
43 silly audit   '@jridgewell/gen-mapping': [ '0.3.13' ],
43 silly audit   '@jridgewell/resolve-uri': [ '3.1.2' ],
43 silly audit   '@jridgewell/sourcemap-codec': [ '1.5.5' ],
43 silly audit   '@jridgewell/trace-mapping': [ '0.3.31' ],
43 silly audit   '@nodelib/fs.scandir': [ '2.1.5' ],
43 silly audit   '@nodelib/fs.stat': [ '2.0.5' ],
43 silly audit   '@nodelib/fs.walk': [ '1.2.8' ],
43 silly audit   '@pkgr/core': [ '0.2.9' ],
43 silly audit   '@rollup/rollup-android-arm-eabi': [ '4.60.4' ],
43 silly audit   '@rollup/rollup-android-arm64': [ '4.60.4' ],
43 silly audit   '@rollup/rollup-darwin-arm64': [ '4.60.4' ],
43 silly audit   '@rollup/rollup-darwin-x64': [ '4.60.4' ],
43 silly audit   '@rollup/rollup-freebsd-arm64': [ '4.60.4' ],
43 silly audit   '@rollup/rollup-freebsd-x64': [ '4.60.4' ],
43 silly audit   '@rollup/rollup-linux-arm-gnueabihf': [ '4.60.4' ],
43 silly audit   '@rollup/rollup-linux-arm-musleabihf': [ '4.60.4' ],
43 silly audit   '@rollup/rollup-linux-arm64-gnu': [ '4.60.4' ],
43 silly audit   '@rollup/rollup-linux-arm64-musl': [ '4.60.4' ],
43 silly audit   '@rollup/rollup-linux-loong64-gnu': [ '4.60.4' ],
43 silly audit   '@rollup/rollup-linux-loong64-musl': [ '4.60.4' ],
43 silly audit   '@rollup/rollup-linux-ppc64-gnu': [ '4.60.4' ],
43 silly audit   '@rollup/rollup-linux-ppc64-musl': [ '4.60.4' ],
43 silly audit   '@rollup/rollup-linux-riscv64-gnu': [ '4.60.4' ],
43 silly audit   '@rollup/rollup-linux-riscv64-musl': [ '4.60.4' ],
43 silly audit   '@rollup/rollup-linux-s390x-gnu': [ '4.60.4' ],
43 silly audit   '@rollup/rollup-linux-x64-gnu': [ '4.60.4' ],
43 silly audit   '@rollup/rollup-linux-x64-musl': [ '4.60.4' ],
43 silly audit   '@rollup/rollup-openbsd-x64': [ '4.60.4' ],
43 silly audit   '@rollup/rollup-openharmony-arm64': [ '4.60.4' ],
43 silly audit   '@rollup/rollup-win32-arm64-msvc': [ '4.60.4' ],
43 silly audit   '@rollup/rollup-win32-ia32-msvc': [ '4.60.4' ],
43 silly audit   '@rollup/rollup-win32-x64-gnu': [ '4.60.4' ],
43 silly audit   '@rollup/rollup-win32-x64-msvc': [ '4.60.4' ],
43 silly audit   '@types/estree': [ '1.0.9', '1.0.8' ],
43 silly audit   '@types/json-schema': [ '7.0.15' ],
43 silly audit   '@types/node': [ '22.10.2' ],
43 silly audit   '@types/web-bluetooth': [ '0.0.21' ],
43 silly audit   '@typescript-eslint/eslint-plugin': [ '8.60.0' ],
43 silly audit   '@typescript-eslint/parser': [ '8.60.0' ],
43 silly audit   '@typescript-eslint/project-service': [ '8.60.0' ],
43 silly audit   '@typescript-eslint/scope-manager': [ '8.60.0' ],
43 silly audit   '@typescript-eslint/tsconfig-utils': [ '8.60.0' ],
43 silly audit   '@typescript-eslint/type-utils': [ '8.60.0' ],
43 silly audit   '@typescript-eslint/types': [ '8.60.0' ],
43 silly audit   '@typescript-eslint/typescript-estree': [ '8.60.0' ],
43 silly audit   '@typescript-eslint/utils': [ '8.60.0' ],
43 silly audit   '@typescript-eslint/visitor-keys': [ '8.60.0' ],
43 silly audit   'eslint-visitor-keys': [ '5.0.1', '3.4.3', '4.2.1' ],
43 silly audit   '@vitejs/plugin-vue': [ '5.2.1' ],
43 silly audit   '@volar/language-core': [ '2.4.28' ],
43 silly audit   '@volar/source-map': [ '2.4.28' ],
43 silly audit   '@volar/typescript': [ '2.4.28' ],
43 silly audit   '@vue/compiler-core': [ '3.5.13' ],
43 silly audit   '@vue/compiler-dom': [ '3.5.13' ],
43 silly audit   '@vue/compiler-sfc': [ '3.5.13' ],
43 silly audit   '@vue/compiler-ssr': [ '3.5.13' ],
43 silly audit   '@vue/compiler-vue2': [ '2.7.16' ],
43 silly audit   '@vue/devtools-api': [ '6.6.4' ],
43 silly audit   '@vue/eslint-config-prettier': [ '10.1.0' ],
43 silly audit   '@vue/eslint-config-typescript': [ '14.1.3' ],
43 silly audit   '@vue/language-core': [ '2.2.0' ],
43 silly audit   '@vue/reactivity': [ '3.5.13' ],
43 silly audit   '@vue/runtime-core': [ '3.5.13' ],
43 silly audit   '@vue/runtime-dom': [ '3.5.13' ],
43 silly audit   '@vue/server-renderer': [ '3.5.13' ],
43 silly audit   '@vue/shared': [ '3.5.13' ],
43 silly audit   '@vueuse/core': [ '13.0.0' ],
43 silly audit   '@vueuse/metadata': [ '13.0.0' ],
43 silly audit   '@vueuse/shared': [ '13.0.0' ],
43 silly audit   acorn: [ '8.16.0' ],
43 silly audit   'acorn-jsx': [ '5.3.2' ],
43 silly audit   ajv: [ '6.15.0' ],
43 silly audit   'alien-signals': [ '0.4.14' ],
43 silly audit   'ansi-styles': [ '4.3.0' ],
43 silly audit   'any-promise': [ '1.3.0' ],
43 silly audit   anymatch: [ '3.1.3' ],
43 silly audit   arg: [ '5.0.2' ],
43 silly audit   argparse: [ '2.0.1' ],
43 silly audit   autoprefixer: [ '10.4.20' ],
43 silly audit   'baseline-browser-mapping': [ '2.10.32' ],
43 silly audit   'binary-extensions': [ '2.3.0' ],
43 silly audit   boolbase: [ '1.0.0' ],
43 silly audit   braces: [ '3.0.3' ],
43 silly audit   browserslist: [ '4.28.2' ],
43 silly audit   callsites: [ '3.1.0' ],
43 silly audit   'camelcase-css': [ '2.0.1' ],
43 silly audit   'caniuse-lite': [ '1.0.30001793' ],
43 silly audit   chalk: [ '4.1.2' ],
43 silly audit   chokidar: [ '3.6.0' ],
43 silly audit   'glob-parent': [ '5.1.2', '6.0.2' ],
43 silly audit   'color-convert': [ '2.0.1' ],
43 silly audit   'color-name': [ '1.1.4' ],
43 silly audit   commander: [ '4.1.1' ],
43 silly audit   'concat-map': [ '0.0.1' ],
43 silly audit   'cross-spawn': [ '7.0.6' ],
43 silly audit   cssesc: [ '3.0.0' ],
43 silly audit   csstype: [ '3.2.3' ],
43 silly audit   'de-indent': [ '1.0.2' ],
43 silly audit   debug: [ '4.4.3' ],
43 silly audit   'deep-is': [ '0.1.4' ],
43 silly audit   didyoumean: [ '1.2.2' ],
43 silly audit   dlv: [ '1.1.3' ],
43 silly audit   'electron-to-chromium': [ '1.5.363' ],
43 silly audit   entities: [ '4.5.0' ],
43 silly audit   'es-errors': [ '1.3.0' ],
43 silly audit   esbuild: [ '0.21.5' ],
43 silly audit   escalade: [ '3.2.0' ],
43 silly audit   'escape-string-regexp': [ '4.0.0' ],
43 silly audit   eslint: [ '9.17.0' ],
43 silly audit   'eslint-config-prettier': [ '9.1.2' ],
43 silly audit   'eslint-plugin-prettier': [ '5.5.5' ],
43 silly audit   'eslint-plugin-vue': [ '9.32.0' ],
43 silly audit   globals: [ '13.24.0', '14.0.0' ],
43 silly audit   'eslint-scope': [ '8.4.0', '7.2.2' ],
43 silly audit   espree: [ '10.4.0', '9.6.1' ],
43 silly audit   esquery: [ '1.7.0' ],
43 silly audit   esrecurse: [ '4.3.0' ],
43 silly audit   estraverse: [ '5.3.0' ],
43 silly audit   'estree-walker': [ '2.0.2' ],
43 silly audit   esutils: [ '2.0.3' ],
43 silly audit   'fast-deep-equal': [ '3.1.3' ],
43 silly audit   'fast-diff': [ '1.3.0' ],
43 silly audit   'fast-glob': [ '3.3.3' ],
43 silly audit   'fast-json-stable-stringify': [ '2.1.0' ],
43 silly audit   'fast-levenshtein': [ '2.0.6' ],
43 silly audit   fastq: [ '1.20.1' ],
43 silly audit   'file-entry-cache': [ '8.0.0' ],
43 silly audit   'fill-range': [ '7.1.1' ],
43 silly audit   'find-up': [ '5.0.0' ],
43 silly audit   'flat-cache': [ '4.0.1' ],
43 silly audit   flatted: [ '3.4.2' ],
43 silly audit   'fraction.js': [ '4.3.7' ],
43 silly audit   fsevents: [ '2.3.3' ],
43 silly audit   'function-bind': [ '1.1.2' ],
43 silly audit   gsap: [ '3.12.7' ],
43 silly audit   'has-flag': [ '4.0.0' ],
43 silly audit   hasown: [ '2.0.3' ],
43 silly audit   he: [ '1.2.0' ],
43 silly audit   'html-to-image': [ '1.11.13' ],
43 silly audit   'import-fresh': [ '3.3.1' ],
43 silly audit   imurmurhash: [ '0.1.4' ],
43 silly audit   'is-binary-path': [ '2.1.0' ],
43 silly audit   'is-core-module': [ '2.16.2' ],
43 silly audit   'is-extglob': [ '2.1.1' ],
43 silly audit   'is-glob': [ '4.0.3' ],
43 silly audit   'is-number': [ '7.0.0' ],
43 silly audit   isexe: [ '2.0.0' ],
43 silly audit   jiti: [ '1.21.7' ],
43 silly audit   'js-yaml': [ '4.1.1' ],
43 silly audit   'json-buffer': [ '3.0.1' ],
43 silly audit   'json-schema-traverse': [ '0.4.1' ],
43 silly audit   'json-stable-stringify-without-jsonify': [ '1.0.1' ],
43 silly audit   keyv: [ '4.5.4' ],
43 silly audit   levn: [ '0.4.1' ],
43 silly audit   lilconfig: [ '3.1.3' ],
43 silly audit   'lines-and-columns': [ '1.2.4' ],
43 silly audit   'locate-path': [ '6.0.0' ],
43 silly audit   lodash: [ '4.18.1' ],
43 silly audit   'lodash.merge': [ '4.6.2' ],
43 silly audit   'lucide-vue-next': [ '0.468.0' ],
43 silly audit   'magic-string': [ '0.30.21' ],
43 silly audit   merge2: [ '1.4.1' ],
43 silly audit   micromatch: [ '4.0.8' ],
43 silly audit   ms: [ '2.1.3' ],
43 silly audit   'muggle-string': [ '0.4.1' ],
43 silly audit   mz: [ '2.7.0' ],
43 silly audit   nanoid: [ '3.3.12' ],
43 silly audit   'natural-compare': [ '1.4.0' ],
43 silly audit   'node-releases': [ '2.0.46' ],
43 silly audit   'normalize-path': [ '3.0.0' ],
43 silly audit   'normalize-range': [ '0.1.2' ],
43 silly audit   'nth-check': [ '2.1.1' ],
43 silly audit   'object-assign': [ '4.1.1' ],
43 silly audit   'object-hash': [ '3.0.0' ],
43 silly audit   optionator: [ '0.9.4' ],
43 silly audit   'p-limit': [ '3.1.0' ],
43 silly audit   'p-locate': [ '5.0.0' ],
43 silly audit   'parent-module': [ '1.0.1' ],
43 silly audit   'path-browserify': [ '1.0.1' ],
43 silly audit   'path-exists': [ '4.0.0' ],
43 silly audit   'path-key': [ '3.1.1' ],
43 silly audit   'path-parse': [ '1.0.7' ],
43 silly audit   picocolors: [ '1.1.1' ],
43 silly audit   picomatch: [ '2.3.2', '4.0.4' ],
43 silly audit   pify: [ '2.3.0' ],
43 silly audit   pinia: [ '2.3.0' ],
43 silly audit   'vue-demi': [ '0.14.10' ],
43 silly audit   pirates: [ '4.0.7' ],
43 silly audit   postcss: [ '8.5.15' ],
43 silly audit   'postcss-import': [ '15.1.0' ],
43 silly audit   'postcss-js': [ '4.1.0' ],
43 silly audit   'postcss-load-config': [ '4.0.2' ],
43 silly audit   'postcss-nested': [ '6.2.0' ],
43 silly audit   'postcss-selector-parser': [ '6.1.2' ],
43 silly audit   'postcss-value-parser': [ '4.2.0' ],
43 silly audit   'prelude-ls': [ '1.2.1' ],
43 silly audit   prettier: [ '3.4.2' ],
43 silly audit   'prettier-linter-helpers': [ '1.0.1' ],
43 silly audit   punycode: [ '2.3.1' ],
43 silly audit   'queue-microtask': [ '1.2.3' ],
43 silly audit   'read-cache': [ '1.0.0' ],
43 silly audit   readdirp: [ '3.6.0' ],
43 silly audit   resolve: [ '1.22.12' ],
43 silly audit   'resolve-from': [ '4.0.0' ],
43 silly audit   reusify: [ '1.1.0' ],
43 silly audit   rollup: [ '4.60.4' ],
43 silly audit   'run-parallel': [ '1.2.0' ],
43 silly audit   semver: [ '7.8.1' ],
43 silly audit   'shebang-command': [ '2.0.0' ],
43 silly audit   'shebang-regex': [ '3.0.0' ],
43 silly audit   'source-map-js': [ '1.2.1' ],
43 silly audit   'strip-json-comments': [ '3.1.1' ],
43 silly audit   sucrase: [ '3.35.1' ],
43 silly audit   'supports-color': [ '7.2.0' ],
43 silly audit   'supports-preserve-symlinks-flag': [ '1.0.0' ],
43 silly audit   synckit: [ '0.11.12' ],
43 silly audit   tailwindcss: [ '3.4.17' ],
43 silly audit   thenify: [ '3.3.1' ],
43 silly audit   'thenify-all': [ '1.6.0' ],
43 silly audit   tinyglobby: [ '0.2.16' ],
43 silly audit   fdir: [ '6.5.0' ],
43 silly audit   'to-regex-range': [ '5.0.1' ],
43 silly audit   'ts-api-utils': [ '2.5.0' ],
43 silly audit   'ts-interface-checker': [ '0.1.13' ],
43 silly audit   'type-check': [ '0.4.0' ],
43 silly audit   'type-fest': [ '0.20.2' ],
43 silly audit   typescript: [ '5.7.2' ],
43 silly audit   'typescript-eslint': [ '8.60.0' ],
43 silly audit   'undici-types': [ '6.20.0' ],
43 silly audit   'update-browserslist-db': [ '1.2.3' ],
43 silly audit   'uri-js': [ '4.4.1' ],
43 silly audit   'util-deprecate': [ '1.0.2' ],
43 silly audit   vite: [ '5.4.21' ],
43 silly audit   'vscode-uri': [ '3.1.0' ],
43 silly audit   vue: [ '3.5.13' ],
43 silly audit   'vue-eslint-parser': [ '9.4.3' ],
43 silly audit   'vue-router': [ '4.5.0' ],
43 silly audit   'vue-tsc': [ '2.2.0' ],
43 silly audit   which: [ '2.0.2' ],
43 silly audit   'word-wrap': [ '1.2.5' ],
43 silly audit   'xml-name-validator': [ '4.0.0' ],
43 silly audit   yaml: [ '2.9.0' ],
43 silly audit   'yocto-queue': [ '0.1.0' ],
43 silly audit   '@upstash/ratelimit': [ '2.0.8' ],
43 silly audit   '@upstash/redis': [ '1.38.0' ],
43 silly audit   '@upstash/core-analytics': [ '0.0.10' ],
43 silly audit   uncrypto: [ '0.1.3' ]
43 silly audit }
44 verbose reify failed optional dependency /Users/maochengcheng/Documents/code/divination/node_modules/@rollup/rollup-win32-x64-msvc
45 silly reify mark deleted [
45 silly reify   '/Users/maochengcheng/Documents/code/divination/node_modules/@rollup/rollup-win32-x64-msvc'
45 silly reify ]
46 verbose reify failed optional dependency /Users/maochengcheng/Documents/code/divination/node_modules/@rollup/rollup-win32-x64-gnu
47 silly reify mark deleted [
47 silly reify   '/Users/maochengcheng/Documents/code/divination/node_modules/@rollup/rollup-win32-x64-gnu'
47 silly reify ]
48 verbose reify failed optional dependency /Users/maochengcheng/Documents/code/divination/node_modules/@rollup/rollup-win32-ia32-msvc
49 silly reify mark deleted [
49 silly reify   '/Users/maochengcheng/Documents/code/divination/node_modules/@rollup/rollup-win32-ia32-msvc'
49 silly reify ]
50 verbose reify failed optional dependency /Users/maochengcheng/Documents/code/divination/node_modules/@rollup/rollup-win32-arm64-msvc
51 silly reify mark deleted [
51 silly reify   '/Users/maochengcheng/Documents/code/divination/node_modules/@rollup/rollup-win32-arm64-msvc'
51 silly reify ]
52 verbose reify failed optional dependency /Users/maochengcheng/Documents/code/divination/node_modules/@rollup/rollup-openharmony-arm64
53 silly reify mark deleted [
53 silly reify   '/Users/maochengcheng/Documents/code/divination/node_modules/@rollup/rollup-openharmony-arm64'
53 silly reify ]
54 verbose reify failed optional dependency /Users/maochengcheng/Documents/code/divination/node_modules/@rollup/rollup-openbsd-x64
55 silly reify mark deleted [
55 silly reify   '/Users/maochengcheng/Documents/code/divination/node_modules/@rollup/rollup-openbsd-x64'
55 silly reify ]
56 verbose reify failed optional dependency /Users/maochengcheng/Documents/code/divination/node_modules/@rollup/rollup-linux-x64-musl
57 silly reify mark deleted [
57 silly reify   '/Users/maochengcheng/Documents/code/divination/node_modules/@rollup/rollup-linux-x64-musl'
57 silly reify ]
58 verbose reify failed optional dependency /Users/maochengcheng/Documents/code/divination/node_modules/@rollup/rollup-linux-x64-gnu
59 silly reify mark deleted [
59 silly reify   '/Users/maochengcheng/Documents/code/divination/node_modules/@rollup/rollup-linux-x64-gnu'
59 silly reify ]
60 verbose reify failed optional dependency /Users/maochengcheng/Documents/code/divination/node_modules/@rollup/rollup-linux-s390x-gnu
61 silly reify mark deleted [
61 silly reify   '/Users/maochengcheng/Documents/code/divination/node_modules/@rollup/rollup-linux-s390x-gnu'
61 silly reify ]
62 verbose reify failed optional dependency /Users/maochengcheng/Documents/code/divination/node_modules/@rollup/rollup-linux-riscv64-musl
63 silly reify mark deleted [
63 silly reify   '/Users/maochengcheng/Documents/code/divination/node_modules/@rollup/rollup-linux-riscv64-musl'
63 silly reify ]
64 verbose reify failed optional dependency /Users/maochengcheng/Documents/code/divination/node_modules/@rollup/rollup-linux-riscv64-gnu
65 silly reify mark deleted [
65 silly reify   '/Users/maochengcheng/Documents/code/divination/node_modules/@rollup/rollup-linux-riscv64-gnu'
65 silly reify ]
66 verbose reify failed optional dependency /Users/maochengcheng/Documents/code/divination/node_modules/@rollup/rollup-linux-ppc64-musl
67 silly reify mark deleted [
67 silly reify   '/Users/maochengcheng/Documents/code/divination/node_modules/@rollup/rollup-linux-ppc64-musl'
67 silly reify ]
68 verbose reify failed optional dependency /Users/maochengcheng/Documents/code/divination/node_modules/@rollup/rollup-linux-ppc64-gnu
69 silly reify mark deleted [
69 silly reify   '/Users/maochengcheng/Documents/code/divination/node_modules/@rollup/rollup-linux-ppc64-gnu'
69 silly reify ]
70 verbose reify failed optional dependency /Users/maochengcheng/Documents/code/divination/node_modules/@rollup/rollup-linux-loong64-musl
71 silly reify mark deleted [
71 silly reify   '/Users/maochengcheng/Documents/code/divination/node_modules/@rollup/rollup-linux-loong64-musl'
71 silly reify ]
72 verbose reify failed optional dependency /Users/maochengcheng/Documents/code/divination/node_modules/@rollup/rollup-linux-loong64-gnu
73 silly reify mark deleted [
73 silly reify   '/Users/maochengcheng/Documents/code/divination/node_modules/@rollup/rollup-linux-loong64-gnu'
73 silly reify ]
74 verbose reify failed optional dependency /Users/maochengcheng/Documents/code/divination/node_modules/@rollup/rollup-linux-arm64-musl
75 silly reify mark deleted [
75 silly reify   '/Users/maochengcheng/Documents/code/divination/node_modules/@rollup/rollup-linux-arm64-musl'
75 silly reify ]
76 verbose reify failed optional dependency /Users/maochengcheng/Documents/code/divination/node_modules/@rollup/rollup-linux-arm64-gnu
77 silly reify mark deleted [
77 silly reify   '/Users/maochengcheng/Documents/code/divination/node_modules/@rollup/rollup-linux-arm64-gnu'
77 silly reify ]
78 verbose reify failed optional dependency /Users/maochengcheng/Documents/code/divination/node_modules/@rollup/rollup-linux-arm-musleabihf
79 silly reify mark deleted [
79 silly reify   '/Users/maochengcheng/Documents/code/divination/node_modules/@rollup/rollup-linux-arm-musleabihf'
79 silly reify ]
80 verbose reify failed optional dependency /Users/maochengcheng/Documents/code/divination/node_modules/@rollup/rollup-linux-arm-gnueabihf
81 silly reify mark deleted [
81 silly reify   '/Users/maochengcheng/Documents/code/divination/node_modules/@rollup/rollup-linux-arm-gnueabihf'
81 silly reify ]
82 verbose reify failed optional dependency /Users/maochengcheng/Documents/code/divination/node_modules/@rollup/rollup-freebsd-x64
83 silly reify mark deleted [
83 silly reify   '/Users/maochengcheng/Documents/code/divination/node_modules/@rollup/rollup-freebsd-x64'
83 silly reify ]
84 verbose reify failed optional dependency /Users/maochengcheng/Documents/code/divination/node_modules/@rollup/rollup-freebsd-arm64
85 silly reify mark deleted [
85 silly reify   '/Users/maochengcheng/Documents/code/divination/node_modules/@rollup/rollup-freebsd-arm64'
85 silly reify ]
86 verbose reify failed optional dependency /Users/maochengcheng/Documents/code/divination/node_modules/@rollup/rollup-darwin-x64
87 silly reify mark deleted [
87 silly reify   '/Users/maochengcheng/Documents/code/divination/node_modules/@rollup/rollup-darwin-x64'
87 silly reify ]
88 verbose reify failed optional dependency /Users/maochengcheng/Documents/code/divination/node_modules/@rollup/rollup-android-arm64
89 silly reify mark deleted [
89 silly reify   '/Users/maochengcheng/Documents/code/divination/node_modules/@rollup/rollup-android-arm64'
89 silly reify ]
90 verbose reify failed optional dependency /Users/maochengcheng/Documents/code/divination/node_modules/@rollup/rollup-android-arm-eabi
91 silly reify mark deleted [
91 silly reify   '/Users/maochengcheng/Documents/code/divination/node_modules/@rollup/rollup-android-arm-eabi'
91 silly reify ]
92 verbose reify failed optional dependency /Users/maochengcheng/Documents/code/divination/node_modules/@esbuild/win32-x64
93 silly reify mark deleted [
93 silly reify   '/Users/maochengcheng/Documents/code/divination/node_modules/@esbuild/win32-x64'
93 silly reify ]
94 verbose reify failed optional dependency /Users/maochengcheng/Documents/code/divination/node_modules/@esbuild/win32-ia32
95 silly reify mark deleted [
95 silly reify   '/Users/maochengcheng/Documents/code/divination/node_modules/@esbuild/win32-ia32'
95 silly reify ]
96 verbose reify failed optional dependency /Users/maochengcheng/Documents/code/divination/node_modules/@esbuild/win32-arm64
97 silly reify mark deleted [
97 silly reify   '/Users/maochengcheng/Documents/code/divination/node_modules/@esbuild/win32-arm64'
97 silly reify ]
98 verbose reify failed optional dependency /Users/maochengcheng/Documents/code/divination/node_modules/@esbuild/sunos-x64
99 silly reify mark deleted [
99 silly reify   '/Users/maochengcheng/Documents/code/divination/node_modules/@esbuild/sunos-x64'
99 silly reify ]
100 verbose reify failed optional dependency /Users/maochengcheng/Documents/code/divination/node_modules/@esbuild/openbsd-x64
101 silly reify mark deleted [
101 silly reify   '/Users/maochengcheng/Documents/code/divination/node_modules/@esbuild/openbsd-x64'
101 silly reify ]
102 verbose reify failed optional dependency /Users/maochengcheng/Documents/code/divination/node_modules/@esbuild/netbsd-x64
103 silly reify mark deleted [
103 silly reify   '/Users/maochengcheng/Documents/code/divination/node_modules/@esbuild/netbsd-x64'
103 silly reify ]
104 verbose reify failed optional dependency /Users/maochengcheng/Documents/code/divination/node_modules/@esbuild/linux-x64
105 silly reify mark deleted [
105 silly reify   '/Users/maochengcheng/Documents/code/divination/node_modules/@esbuild/linux-x64'
105 silly reify ]
106 verbose reify failed optional dependency /Users/maochengcheng/Documents/code/divination/node_modules/@esbuild/linux-s390x
107 silly reify mark deleted [
107 silly reify   '/Users/maochengcheng/Documents/code/divination/node_modules/@esbuild/linux-s390x'
107 silly reify ]
108 verbose reify failed optional dependency /Users/maochengcheng/Documents/code/divination/node_modules/@esbuild/linux-riscv64
109 silly reify mark deleted [
109 silly reify   '/Users/maochengcheng/Documents/code/divination/node_modules/@esbuild/linux-riscv64'
109 silly reify ]
110 verbose reify failed optional dependency /Users/maochengcheng/Documents/code/divination/node_modules/@esbuild/linux-ppc64
111 silly reify mark deleted [
111 silly reify   '/Users/maochengcheng/Documents/code/divination/node_modules/@esbuild/linux-ppc64'
111 silly reify ]
112 verbose reify failed optional dependency /Users/maochengcheng/Documents/code/divination/node_modules/@esbuild/linux-mips64el
113 silly reify mark deleted [
113 silly reify   '/Users/maochengcheng/Documents/code/divination/node_modules/@esbuild/linux-mips64el'
113 silly reify ]
114 verbose reify failed optional dependency /Users/maochengcheng/Documents/code/divination/node_modules/@esbuild/linux-loong64
115 silly reify mark deleted [
115 silly reify   '/Users/maochengcheng/Documents/code/divination/node_modules/@esbuild/linux-loong64'
115 silly reify ]
116 verbose reify failed optional dependency /Users/maochengcheng/Documents/code/divination/node_modules/@esbuild/linux-ia32
117 silly reify mark deleted [
117 silly reify   '/Users/maochengcheng/Documents/code/divination/node_modules/@esbuild/linux-ia32'
117 silly reify ]
118 verbose reify failed optional dependency /Users/maochengcheng/Documents/code/divination/node_modules/@esbuild/linux-arm64
119 silly reify mark deleted [
119 silly reify   '/Users/maochengcheng/Documents/code/divination/node_modules/@esbuild/linux-arm64'
119 silly reify ]
120 verbose reify failed optional dependency /Users/maochengcheng/Documents/code/divination/node_modules/@esbuild/linux-arm
121 silly reify mark deleted [
121 silly reify   '/Users/maochengcheng/Documents/code/divination/node_modules/@esbuild/linux-arm'
121 silly reify ]
122 verbose reify failed optional dependency /Users/maochengcheng/Documents/code/divination/node_modules/@esbuild/freebsd-x64
123 silly reify mark deleted [
123 silly reify   '/Users/maochengcheng/Documents/code/divination/node_modules/@esbuild/freebsd-x64'
123 silly reify ]
124 verbose reify failed optional dependency /Users/maochengcheng/Documents/code/divination/node_modules/@esbuild/freebsd-arm64
125 silly reify mark deleted [
125 silly reify   '/Users/maochengcheng/Documents/code/divination/node_modules/@esbuild/freebsd-arm64'
125 silly reify ]
126 verbose reify failed optional dependency /Users/maochengcheng/Documents/code/divination/node_modules/@esbuild/darwin-x64
127 silly reify mark deleted [
127 silly reify   '/Users/maochengcheng/Documents/code/divination/node_modules/@esbuild/darwin-x64'
127 silly reify ]
128 verbose reify failed optional dependency /Users/maochengcheng/Documents/code/divination/node_modules/@esbuild/android-x64
129 silly reify mark deleted [
129 silly reify   '/Users/maochengcheng/Documents/code/divination/node_modules/@esbuild/android-x64'
129 silly reify ]
130 verbose reify failed optional dependency /Users/maochengcheng/Documents/code/divination/node_modules/@esbuild/android-arm64
131 silly reify mark deleted [
131 silly reify   '/Users/maochengcheng/Documents/code/divination/node_modules/@esbuild/android-arm64'
131 silly reify ]
132 verbose reify failed optional dependency /Users/maochengcheng/Documents/code/divination/node_modules/@esbuild/android-arm
133 silly reify mark deleted [
133 silly reify   '/Users/maochengcheng/Documents/code/divination/node_modules/@esbuild/android-arm'
133 silly reify ]
134 verbose reify failed optional dependency /Users/maochengcheng/Documents/code/divination/node_modules/@esbuild/aix-ppc64
135 silly reify mark deleted [
135 silly reify   '/Users/maochengcheng/Documents/code/divination/node_modules/@esbuild/aix-ppc64'
135 silly reify ]
136 silly tarball no local data for uncrypto@https://registry.npmjs.org/uncrypto/-/uncrypto-0.1.3.tgz. Extracting by manifest.
137 silly tarball no local data for @upstash/core-analytics@https://registry.npmjs.org/@upstash/core-analytics/-/core-analytics-0.0.10.tgz. Extracting by manifest.
138 silly tarball no local data for @upstash/ratelimit@https://registry.npmjs.org/@upstash/ratelimit/-/ratelimit-2.0.8.tgz. Extracting by manifest.
139 silly tarball no local data for @upstash/redis@https://registry.npmjs.org/@upstash/redis/-/redis-1.38.0.tgz. Extracting by manifest.
140 http fetch POST 200 https://registry.npmjs.org/-/npm/v1/security/advisories/bulk 272ms
141 silly audit report {
141 silly audit report   '@eslint/plugin-kit': [
141 silly audit report     {
141 silly audit report       id: 1106734,
141 silly audit report       url: 'https://github.com/advisories/GHSA-xffm-g5w8-qvg7',
141 silly audit report       title: '@eslint/plugin-kit is vulnerable to Regular Expression Denial of Service attacks through ConfigCommentParser',
141 silly audit report       severity: 'low',
141 silly audit report       vulnerable_versions: '<0.3.4',
141 silly audit report       cwe: [Array],
141 silly audit report       cvss: [Object]
141 silly audit report     }
141 silly audit report   ],
141 silly audit report   esbuild: [
141 silly audit report     {
141 silly audit report       id: 1102341,
141 silly audit report       url: 'https://github.com/advisories/GHSA-67mh-4wv8-2f99',
141 silly audit report       title: 'esbuild enables any website to send any requests to the development server and read the response',
141 silly audit report       severity: 'moderate',
141 silly audit report       vulnerable_versions: '<=0.24.2',
141 silly audit report       cwe: [Array],
141 silly audit report       cvss: [Object]
141 silly audit report     }
141 silly audit report   ],
141 silly audit report   vite: [
141 silly audit report     {
141 silly audit report       id: 1116229,
141 silly audit report       url: 'https://github.com/advisories/GHSA-4w7w-66w2-5vf9',
141 silly audit report       title: 'Vite Vulnerable to Path Traversal in Optimized Deps `.map` Handling',
141 silly audit report       severity: 'moderate',
141 silly audit report       vulnerable_versions: '<=6.4.1',
141 silly audit report       cwe: [Array],
141 silly audit report       cvss: [Object]
141 silly audit report     }
141 silly audit report   ]
141 silly audit report }
142 silly packumentCache corgi:https://registry.npmjs.org/@eslint%2fplugin-kit cache-miss
143 silly packumentCache corgi:https://registry.npmjs.org/esbuild cache-miss
144 silly packumentCache corgi:https://registry.npmjs.org/vite cache-miss
145 http fetch GET 200 https://registry.npmjs.org/uncrypto/-/uncrypto-0.1.3.tgz 272ms (cache miss)
146 http fetch GET 200 https://registry.npmjs.org/@upstash/core-analytics/-/core-analytics-0.0.10.tgz 275ms (cache miss)
147 http fetch GET 200 https://registry.npmjs.org/esbuild 303ms (cache revalidated)
148 silly packumentCache corgi:https://registry.npmjs.org/esbuild set size:885757 disposed:false
149 http fetch GET 200 https://registry.npmjs.org/@eslint%2fplugin-kit 315ms (cache updated)
150 silly packumentCache corgi:https://registry.npmjs.org/@eslint%2fplugin-kit set size:undefined disposed:false
151 http fetch GET 200 https://registry.npmjs.org/vite 518ms (cache updated)
152 silly packumentCache corgi:https://registry.npmjs.org/vite set size:undefined disposed:false
153 silly packumentCache corgi:https://registry.npmjs.org/eslint cache-miss
154 http fetch GET 200 https://registry.npmjs.org/eslint 337ms (cache updated)
155 silly packumentCache corgi:https://registry.npmjs.org/eslint set size:undefined disposed:false
156 silly packumentCache corgi:https://registry.npmjs.org/@vitejs%2fplugin-vue cache-miss
157 http fetch GET 200 https://registry.npmjs.org/@upstash/ratelimit/-/ratelimit-2.0.8.tgz 1249ms (cache miss)
158 http fetch GET 200 https://registry.npmjs.org/@upstash/redis/-/redis-1.38.0.tgz 1369ms (cache miss)
159 http fetch GET 200 https://registry.npmjs.org/@vitejs%2fplugin-vue 299ms (cache revalidated)
160 silly packumentCache corgi:https://registry.npmjs.org/@vitejs%2fplugin-vue set size:173841 disposed:false
161 silly packumentCache corgi:https://registry.npmjs.org/@eslint-community%2feslint-utils cache-miss
162 silly packumentCache corgi:https://registry.npmjs.org/@typescript-eslint%2feslint-plugin cache-miss
163 silly packumentCache corgi:https://registry.npmjs.org/@typescript-eslint%2fparser cache-miss
164 silly packumentCache corgi:https://registry.npmjs.org/@typescript-eslint%2ftype-utils cache-miss
165 silly packumentCache corgi:https://registry.npmjs.org/@typescript-eslint%2futils cache-miss
166 silly packumentCache corgi:https://registry.npmjs.org/@vue%2feslint-config-prettier cache-miss
167 silly packumentCache corgi:https://registry.npmjs.org/@vue%2feslint-config-typescript cache-miss
168 silly packumentCache corgi:https://registry.npmjs.org/eslint-config-prettier cache-miss
169 silly packumentCache corgi:https://registry.npmjs.org/eslint-plugin-prettier cache-miss
170 silly packumentCache corgi:https://registry.npmjs.org/eslint-plugin-vue cache-miss
171 silly packumentCache corgi:https://registry.npmjs.org/typescript-eslint cache-miss
172 silly packumentCache corgi:https://registry.npmjs.org/vue-eslint-parser cache-miss
173 http fetch GET 200 https://registry.npmjs.org/@eslint-community%2feslint-utils 265ms (cache revalidated)
174 silly packumentCache corgi:https://registry.npmjs.org/@eslint-community%2feslint-utils set size:44347 disposed:false
175 http fetch GET 200 https://registry.npmjs.org/@vue%2feslint-config-typescript 270ms (cache revalidated)
176 silly packumentCache corgi:https://registry.npmjs.org/@vue%2feslint-config-typescript set size:100378 disposed:false
177 http fetch GET 200 https://registry.npmjs.org/eslint-plugin-vue 930ms (cache revalidated)
178 silly packumentCache corgi:https://registry.npmjs.org/eslint-plugin-vue set size:341739 disposed:false
179 http fetch GET 200 https://registry.npmjs.org/eslint-config-prettier 941ms (cache revalidated)
180 silly packumentCache corgi:https://registry.npmjs.org/eslint-config-prettier set size:119192 disposed:false
181 http fetch GET 200 https://registry.npmjs.org/vue-eslint-parser 947ms (cache revalidated)
182 silly packumentCache corgi:https://registry.npmjs.org/vue-eslint-parser set size:187189 disposed:false
183 http fetch GET 200 https://registry.npmjs.org/@vue%2feslint-config-prettier 953ms (cache revalidated)
184 silly packumentCache corgi:https://registry.npmjs.org/@vue%2feslint-config-prettier set size:66768 disposed:false
185 http fetch GET 200 https://registry.npmjs.org/eslint-plugin-prettier 968ms (cache updated)
186 silly packumentCache corgi:https://registry.npmjs.org/eslint-plugin-prettier set size:undefined disposed:false
187 http fetch GET 200 https://registry.npmjs.org/@typescript-eslint%2futils 1054ms (cache updated)
188 silly packumentCache corgi:https://registry.npmjs.org/@typescript-eslint%2futils set size:undefined disposed:false
189 http fetch GET 200 https://registry.npmjs.org/@typescript-eslint%2ftype-utils 1114ms (cache updated)
190 silly packumentCache corgi:https://registry.npmjs.org/@typescript-eslint%2ftype-utils set size:undefined disposed:false
191 http fetch GET 200 https://registry.npmjs.org/typescript-eslint 1577ms (cache updated)
192 silly packumentCache corgi:https://registry.npmjs.org/typescript-eslint set size:undefined disposed:false
193 http fetch GET 200 https://registry.npmjs.org/@typescript-eslint%2fparser 1956ms (cache updated)
194 silly packumentCache corgi:https://registry.npmjs.org/@typescript-eslint%2fparser set size:undefined disposed:false
195 http fetch GET 200 https://registry.npmjs.org/@typescript-eslint%2feslint-plugin 2818ms (cache updated)
196 silly packumentCache corgi:https://registry.npmjs.org/@typescript-eslint%2feslint-plugin set size:undefined disposed:false
197 silly ADD node_modules/uncrypto
198 silly ADD node_modules/@upstash/core-analytics
199 silly ADD node_modules/@upstash/redis
200 silly ADD node_modules/@upstash/ratelimit
201 silly ADD
202 silly ADD
203 silly ADD
204 silly ADD
205 silly ADD
206 silly ADD
207 silly ADD
208 silly ADD
209 silly ADD
210 silly ADD
211 silly ADD
212 silly ADD
213 silly ADD
214 silly ADD
215 silly ADD
216 silly ADD
217 silly ADD
218 silly ADD
219 silly ADD
220 silly ADD
221 silly ADD
222 silly ADD
223 silly ADD
224 silly ADD
225 silly ADD
226 silly ADD
227 silly ADD
228 silly ADD
229 silly ADD
230 silly ADD
231 silly ADD
232 silly ADD
233 silly ADD
234 silly ADD
235 silly ADD
236 silly ADD
237 silly ADD
238 silly ADD
239 silly ADD
240 silly ADD
241 silly ADD
242 silly ADD
243 silly ADD
244 silly ADD
245 silly ADD
246 silly ADD
247 verbose cwd /Users/maochengcheng/Documents/code/divination
248 verbose os Darwin 25.4.0
249 verbose node v20.18.1
250 verbose npm  v10.8.2
251 notice
251 notice New major version of npm available! 10.8.2 -> 11.16.0
251 notice Changelog: https://github.com/npm/cli/releases/tag/v11.16.0
251 notice To update run: npm install -g npm@11.16.0
251 notice  { force: true, [Symbol(proc-log.meta)]: true }
252 verbose exit 0
253 info ok
