0 verbose cli /usr/local/bin/node /usr/local/lib/node_modules/npm/bin/npm-cli.js
1 info using npm@10.8.2
2 info using node@v20.18.1
3 silly config load:file:/usr/local/lib/node_modules/npm/npmrc
4 silly config load:file:/Users/maochengcheng/Documents/code/divination/.npmrc
5 silly config load:file:/Users/maochengcheng/.npmrc
6 silly config load:file:/Users/maochengcheng/.npm-global/etc/npmrc
7 verbose title npm exec edgeone@1.6.8 -v
8 verbose argv "exec" "--yes" "--" "edgeone@1.6.8" "-v"
9 verbose logfile logs-max:10 dir:/Users/maochengcheng/Documents/code/divination/.npm-cache/_logs/2026-06-29T08_59_24_494Z-
10 verbose logfile /Users/maochengcheng/Documents/code/divination/.npm-cache/_logs/2026-06-29T08_59_24_494Z-debug-0.log
11 silly logfile start cleaning logs, removing 1 files
12 silly logfile done cleaning log files
13 silly packumentCache heap:4345298944 maxSize:1086324736 maxEntrySize:543162368
14 http fetch GET 403 https://registry.npmmirror.com/edgeone 20ms (cache skip)
15 verbose stack HttpErrorGeneral: 403 Forbidden - GET https://registry.npmmirror.com/edgeone
15 verbose stack     at /usr/local/lib/node_modules/npm/node_modules/npm-registry-fetch/lib/check-response.js:95:15
15 verbose stack     at process.processTicksAndRejections (node:internal/process/task_queues:95:5)
15 verbose stack     at async RegistryFetcher.packument (/usr/local/lib/node_modules/npm/node_modules/pacote/lib/registry.js:90:19)
15 verbose stack     at async RegistryFetcher.manifest (/usr/local/lib/node_modules/npm/node_modules/pacote/lib/registry.js:128:23)
15 verbose stack     at async getManifest (/usr/local/lib/node_modules/npm/node_modules/libnpmexec/lib/index.js:27:22)
15 verbose stack     at async missingFromTree (/usr/local/lib/node_modules/npm/node_modules/libnpmexec/lib/index.js:60:22)
15 verbose stack     at async /usr/local/lib/node_modules/npm/node_modules/libnpmexec/lib/index.js:182:32
15 verbose stack     at async Promise.all (index 0)
15 verbose stack     at async exec (/usr/local/lib/node_modules/npm/node_modules/libnpmexec/lib/index.js:180:3)
15 verbose stack     at async Npm.exec (/usr/local/lib/node_modules/npm/lib/npm.js:207:9)
16 verbose statusCode 403
17 verbose pkgid edgeone@1.6.8
18 error code E403
19 error 403 403 Forbidden - GET https://registry.npmmirror.com/edgeone
20 error 403 In most cases, you or one of your dependencies are requesting
20 error 403 a package version that is forbidden by your security policy, or
20 error 403 on a server you do not have access to.
21 verbose cwd /Users/maochengcheng/Documents/code/divination
22 verbose os Darwin 25.5.0
23 verbose node v20.18.1
24 verbose npm  v10.8.2
25 verbose exit 1
26 verbose code 1
27 error A complete log of this run can be found in: /Users/maochengcheng/Documents/code/divination/.npm-cache/_logs/2026-06-29T08_59_24_494Z-debug-0.log
